Start testing: Oct 02 11:44 EDT
----------------------------------------------------------
1/10 Testing: OrderBookTest.AddBuyOrderToEmptyBook
1/10 Test: OrderBookTest.AddBuyOrderToEmptyBook
Command: "/home/cary/agora-core/build/agora-core-tests" "--gtest_filter=OrderBookTest.AddBuyOrderToEmptyBook" "--gtest_also_run_disabled_tests"
Directory: /home/cary/agora-core/build
"OrderBookTest.AddBuyOrderToEmptyBook" start time: Oct 02 11:44 EDT
Output:
----------------------------------------------------------
Running main() from /home/cary/agora-core/build/_deps/googletest-src/googletest/src/gtest_main.cc
Note: Google Test filter = OrderBookTest.AddBuyOrderToEmptyBook
[==========] Running 1 test from 1 test suite.
[----------] Global test environment set-up.
[----------] 1 test from OrderBookTest
[ RUN      ] OrderBookTest.AddBuyOrderToEmptyBook
[       OK ] OrderBookTest.AddBuyOrderToEmptyBook (0 ms)
[----------] 1 test from OrderBookTest (0 ms total)

[----------] Global test environment tear-down
[==========] 1 test from 1 test suite ran. (0 ms total)
[  PASSED  ] 1 test.
<end of output>
Test time =   0.00 sec
----------------------------------------------------------
Test Passed.
"OrderBookTest.AddBuyOrderToEmptyBook" end time: Oct 02 11:44 EDT
"OrderBookTest.AddBuyOrderToEmptyBook" time elapsed: 00:00:00
----------------------------------------------------------

2/10 Testing: OrderBookTest.AddSellOrderToEmptyBook
2/10 Test: OrderBookTest.AddSellOrderToEmptyBook
Command: "/home/cary/agora-core/build/agora-core-tests" "--gtest_filter=OrderBookTest.AddSellOrderToEmptyBook" "--gtest_also_run_disabled_tests"
Directory: /home/cary/agora-core/build
"OrderBookTest.AddSellOrderToEmptyBook" start time: Oct 02 11:44 EDT
Output:
----------------------------------------------------------
Running main() from /home/cary/agora-core/build/_deps/googletest-src/googletest/src/gtest_main.cc
Note: Google Test filter = OrderBookTest.AddSellOrderToEmptyBook
[==========] Running 1 test from 1 test suite.
[----------] Global test environment set-up.
[----------] 1 test from OrderBookTest
[ RUN      ] OrderBookTest.AddSellOrderToEmptyBook
[       OK ] OrderBookTest.AddSellOrderToEmptyBook (0 ms)
[----------] 1 test from OrderBookTest (0 ms total)

[----------] Global test environment tear-down
[==========] 1 test from 1 test suite ran. (0 ms total)
[  PASSED  ] 1 test.
<end of output>
Test time =   0.00 sec
----------------------------------------------------------
Test Passed.
"OrderBookTest.AddSellOrderToEmptyBook" end time: Oct 02 11:44 EDT
"OrderBookTest.AddSellOrderToEmptyBook" time elapsed: 00:00:00
----------------------------------------------------------

3/10 Testing: OrderBookTest.SimpleFullMatchBuyInitiated
3/10 Test: OrderBookTest.SimpleFullMatchBuyInitiated
Command: "/home/cary/agora-core/build/agora-core-tests" "--gtest_filter=OrderBookTest.SimpleFullMatchBuyInitiated" "--gtest_also_run_disabled_tests"
Directory: /home/cary/agora-core/build
"OrderBookTest.SimpleFullMatchBuyInitiated" start time: Oct 02 11:44 EDT
Output:
----------------------------------------------------------
Running main() from /home/cary/agora-core/build/_deps/googletest-src/googletest/src/gtest_main.cc
Note: Google Test filter = OrderBookTest.SimpleFullMatchBuyInitiated
[==========] Running 1 test from 1 test suite.
[----------] Global test environment set-up.
[----------] 1 test from OrderBookTest
[ RUN      ] OrderBookTest.SimpleFullMatchBuyInitiated
Match is possible!
[       OK ] OrderBookTest.SimpleFullMatchBuyInitiated (0 ms)
[----------] 1 test from OrderBookTest (0 ms total)

[----------] Global test environment tear-down
[==========] 1 test from 1 test suite ran. (0 ms total)
[  PASSED  ] 1 test.
<end of output>
Test time =   0.00 sec
----------------------------------------------------------
Test Passed.
"OrderBookTest.SimpleFullMatchBuyInitiated" end time: Oct 02 11:44 EDT
"OrderBookTest.SimpleFullMatchBuyInitiated" time elapsed: 00:00:00
----------------------------------------------------------

4/10 Testing: OrderBookTest.SimpleFullMatchSellInitiated
4/10 Test: OrderBookTest.SimpleFullMatchSellInitiated
Command: "/home/cary/agora-core/build/agora-core-tests" "--gtest_filter=OrderBookTest.SimpleFullMatchSellInitiated" "--gtest_also_run_disabled_tests"
Directory: /home/cary/agora-core/build
"OrderBookTest.SimpleFullMatchSellInitiated" start time: Oct 02 11:44 EDT
Output:
----------------------------------------------------------
Running main() from /home/cary/agora-core/build/_deps/googletest-src/googletest/src/gtest_main.cc
Note: Google Test filter = OrderBookTest.SimpleFullMatchSellInitiated
[==========] Running 1 test from 1 test suite.
[----------] Global test environment set-up.
[----------] 1 test from OrderBookTest
[ RUN      ] OrderBookTest.SimpleFullMatchSellInitiated
Match is possible!
[       OK ] OrderBookTest.SimpleFullMatchSellInitiated (0 ms)
[----------] 1 test from OrderBookTest (0 ms total)

[----------] Global test environment tear-down
[==========] 1 test from 1 test suite ran. (0 ms total)
[  PASSED  ] 1 test.
<end of output>
Test time =   0.00 sec
----------------------------------------------------------
Test Passed.
"OrderBookTest.SimpleFullMatchSellInitiated" end time: Oct 02 11:44 EDT
"OrderBookTest.SimpleFullMatchSellInitiated" time elapsed: 00:00:00
----------------------------------------------------------

5/10 Testing: OrderBookTest.PartialFillIncomingBuyLarger
5/10 Test: OrderBookTest.PartialFillIncomingBuyLarger
Command: "/home/cary/agora-core/build/agora-core-tests" "--gtest_filter=OrderBookTest.PartialFillIncomingBuyLarger" "--gtest_also_run_disabled_tests"
Directory: /home/cary/agora-core/build
"OrderBookTest.PartialFillIncomingBuyLarger" start time: Oct 02 11:44 EDT
Output:
----------------------------------------------------------
Running main() from /home/cary/agora-core/build/_deps/googletest-src/googletest/src/gtest_main.cc
Note: Google Test filter = OrderBookTest.PartialFillIncomingBuyLarger
[==========] Running 1 test from 1 test suite.
[----------] Global test environment set-up.
[----------] 1 test from OrderBookTest
[ RUN      ] OrderBookTest.PartialFillIncomingBuyLarger
Match is possible!
[       OK ] OrderBookTest.PartialFillIncomingBuyLarger (0 ms)
[----------] 1 test from OrderBookTest (0 ms total)

[----------] Global test environment tear-down
[==========] 1 test from 1 test suite ran. (0 ms total)
[  PASSED  ] 1 test.
<end of output>
Test time =   0.00 sec
----------------------------------------------------------
Test Passed.
"OrderBookTest.PartialFillIncomingBuyLarger" end time: Oct 02 11:44 EDT
"OrderBookTest.PartialFillIncomingBuyLarger" time elapsed: 00:00:00
----------------------------------------------------------

6/10 Testing: OrderBookTest.PartialFillIncomingSellLarger
6/10 Test: OrderBookTest.PartialFillIncomingSellLarger
Command: "/home/cary/agora-core/build/agora-core-tests" "--gtest_filter=OrderBookTest.PartialFillIncomingSellLarger" "--gtest_also_run_disabled_tests"
Directory: /home/cary/agora-core/build
"OrderBookTest.PartialFillIncomingSellLarger" start time: Oct 02 11:44 EDT
Output:
----------------------------------------------------------
Running main() from /home/cary/agora-core/build/_deps/googletest-src/googletest/src/gtest_main.cc
Note: Google Test filter = OrderBookTest.PartialFillIncomingSellLarger
[==========] Running 1 test from 1 test suite.
[----------] Global test environment set-up.
[----------] 1 test from OrderBookTest
[ RUN      ] OrderBookTest.PartialFillIncomingSellLarger
Match is possible!
[       OK ] OrderBookTest.PartialFillIncomingSellLarger (0 ms)
[----------] 1 test from OrderBookTest (0 ms total)

[----------] Global test environment tear-down
[==========] 1 test from 1 test suite ran. (0 ms total)
[  PASSED  ] 1 test.
<end of output>
Test time =   0.00 sec
----------------------------------------------------------
Test Passed.
"OrderBookTest.PartialFillIncomingSellLarger" end time: Oct 02 11:44 EDT
"OrderBookTest.PartialFillIncomingSellLarger" time elapsed: 00:00:00
----------------------------------------------------------

7/10 Testing: OrderBookTest.PartialFillRestingBuyLarger
7/10 Test: OrderBookTest.PartialFillRestingBuyLarger
Command: "/home/cary/agora-core/build/agora-core-tests" "--gtest_filter=OrderBookTest.PartialFillRestingBuyLarger" "--gtest_also_run_disabled_tests"
Directory: /home/cary/agora-core/build
"OrderBookTest.PartialFillRestingBuyLarger" start time: Oct 02 11:44 EDT
Output:
----------------------------------------------------------
Running main() from /home/cary/agora-core/build/_deps/googletest-src/googletest/src/gtest_main.cc
Note: Google Test filter = OrderBookTest.PartialFillRestingBuyLarger
[==========] Running 1 test from 1 test suite.
[----------] Global test environment set-up.
[----------] 1 test from OrderBookTest
[ RUN      ] OrderBookTest.PartialFillRestingBuyLarger
Match is possible!
[       OK ] OrderBookTest.PartialFillRestingBuyLarger (0 ms)
[----------] 1 test from OrderBookTest (0 ms total)

[----------] Global test environment tear-down
[==========] 1 test from 1 test suite ran. (0 ms total)
[  PASSED  ] 1 test.
<end of output>
Test time =   0.00 sec
----------------------------------------------------------
Test Passed.
"OrderBookTest.PartialFillRestingBuyLarger" end time: Oct 02 11:44 EDT
"OrderBookTest.PartialFillRestingBuyLarger" time elapsed: 00:00:00
----------------------------------------------------------

8/10 Testing: OrderBookTest.PartialFillRestingSellLarger
8/10 Test: OrderBookTest.PartialFillRestingSellLarger
Command: "/home/cary/agora-core/build/agora-core-tests" "--gtest_filter=OrderBookTest.PartialFillRestingSellLarger" "--gtest_also_run_disabled_tests"
Directory: /home/cary/agora-core/build
"OrderBookTest.PartialFillRestingSellLarger" start time: Oct 02 11:44 EDT
Output:
----------------------------------------------------------
Running main() from /home/cary/agora-core/build/_deps/googletest-src/googletest/src/gtest_main.cc
Note: Google Test filter = OrderBookTest.PartialFillRestingSellLarger
[==========] Running 1 test from 1 test suite.
[----------] Global test environment set-up.
[----------] 1 test from OrderBookTest
[ RUN      ] OrderBookTest.PartialFillRestingSellLarger
Match is possible!
[       OK ] OrderBookTest.PartialFillRestingSellLarger (0 ms)
[----------] 1 test from OrderBookTest (0 ms total)

[----------] Global test environment tear-down
[==========] 1 test from 1 test suite ran. (0 ms total)
[  PASSED  ] 1 test.
<end of output>
Test time =   0.00 sec
----------------------------------------------------------
Test Passed.
"OrderBookTest.PartialFillRestingSellLarger" end time: Oct 02 11:44 EDT
"OrderBookTest.PartialFillRestingSellLarger" time elapsed: 00:00:00
----------------------------------------------------------

9/10 Testing: OrderBookTest.WalkTheBookBuyInitiated
9/10 Test: OrderBookTest.WalkTheBookBuyInitiated
Command: "/home/cary/agora-core/build/agora-core-tests" "--gtest_filter=OrderBookTest.WalkTheBookBuyInitiated" "--gtest_also_run_disabled_tests"
Directory: /home/cary/agora-core/build
"OrderBookTest.WalkTheBookBuyInitiated" start time: Oct 02 11:44 EDT
Output:
----------------------------------------------------------
Running main() from /home/cary/agora-core/build/_deps/googletest-src/googletest/src/gtest_main.cc
Note: Google Test filter = OrderBookTest.WalkTheBookBuyInitiated
[==========] Running 1 test from 1 test suite.
[----------] Global test environment set-up.
[----------] 1 test from OrderBookTest
[ RUN      ] OrderBookTest.WalkTheBookBuyInitiated
Match is possible!
[       OK ] OrderBookTest.WalkTheBookBuyInitiated (0 ms)
[----------] 1 test from OrderBookTest (0 ms total)

[----------] Global test environment tear-down
[==========] 1 test from 1 test suite ran. (0 ms total)
[  PASSED  ] 1 test.
<end of output>
Test time =   0.00 sec
----------------------------------------------------------
Test Passed.
"OrderBookTest.WalkTheBookBuyInitiated" end time: Oct 02 11:44 EDT
"OrderBookTest.WalkTheBookBuyInitiated" time elapsed: 00:00:00
----------------------------------------------------------

10/10 Testing: OrderBookTest.WalkTheBookSellInitiated
10/10 Test: OrderBookTest.WalkTheBookSellInitiated
Command: "/home/cary/agora-core/build/agora-core-tests" "--gtest_filter=OrderBookTest.WalkTheBookSellInitiated" "--gtest_also_run_disabled_tests"
Directory: /home/cary/agora-core/build
"OrderBookTest.WalkTheBookSellInitiated" start time: Oct 02 11:44 EDT
Output:
----------------------------------------------------------
Running main() from /home/cary/agora-core/build/_deps/googletest-src/googletest/src/gtest_main.cc
Note: Google Test filter = OrderBookTest.WalkTheBookSellInitiated
[==========] Running 1 test from 1 test suite.
[----------] Global test environment set-up.
[----------] 1 test from OrderBookTest
[ RUN      ] OrderBookTest.WalkTheBookSellInitiated
Match is possible!
[       OK ] OrderBookTest.WalkTheBookSellInitiated (0 ms)
[----------] 1 test from OrderBookTest (0 ms total)

[----------] Global test environment tear-down
[==========] 1 test from 1 test suite ran. (0 ms total)
[  PASSED  ] 1 test.
<end of output>
Test time =   0.00 sec
----------------------------------------------------------
Test Passed.
"OrderBookTest.WalkTheBookSellInitiated" end time: Oct 02 11:44 EDT
"OrderBookTest.WalkTheBookSellInitiated" time elapsed: 00:00:00
----------------------------------------------------------

End testing: Oct 02 11:44 EDT
