<?xml version="1.0" encoding="UTF-8"?>
<Site BuildName="(empty)"
	BuildStamp="20251002-0212-Experimental"
	Name="(empty)"
	Generator="ctest-4.1.1"
	CompilerName=""
	CompilerVersion=""
	OSName="Linux"
	Hostname="BRAINIAC"
	OSRelease="6.6.87.2-microsoft-standard-WSL2"
	OSVersion="#1 SMP PREEMPT_DYNAMIC Thu Jun  5 18:30:46 UTC 2025"
	OSPlatform="x86_64"
	Is64Bits="1"
	VendorString="AuthenticAMD"
	VendorID="Advanced Micro Devices"
	FamilyID="25"
	ModelID="33"
	ModelName="AMD Ryzen 7 5700X 8-Core Processor"
	ProcessorCacheSize="512"
	NumberOfLogicalCPU="16"
	NumberOfPhysicalCPU="8"
	TotalVirtualMemory="2048"
	TotalPhysicalMemory="7902"
	LogicalProcessorsPerPhysical="2"
	ProcessorClockFrequency="3400.04"
	>
	<Testing>
		<StartDateTime>Oct 01 22:12 EDT</StartDateTime>
		<StartTestTime>1759371176</StartTestTime>
		<TestList/>
		<EndDateTime>Oct 01 22:12 EDT</EndDateTime>
		<EndTestTime>1759371176</EndTestTime>
		<ElapsedMinutes>0</ElapsedMinutes>
	</Testing>
</Site>
